<?xml version="1.0" encoding="UTF-8"?>
<testng-results ignored="0" total="1" passed="1" failed="0" skipped="0">
  <reporter-output>
  </reporter-output>
  <suite started-at="2023-10-09T21:43:31 IST" name="Default suite" finished-at="2023-10-09T21:44:01 IST" duration-ms="29023">
    <groups>
    </groups>
    <test started-at="2023-10-09T21:43:31 IST" name="Default test" finished-at="2023-10-09T21:44:01 IST" duration-ms="29023">
      <class name="demo.Exdemo">
        <test-method signature="main()[pri:0, instance:demo.Exdemo@63021689]" started-at="2023-10-09T21:43:32 IST" name="main" finished-at="2023-10-09T21:44:01 IST" duration-ms="28945" status="PASS">
          <reporter-output>
          </reporter-output>
        </test-method> <!-- main -->
      </class> <!-- demo.Exdemo -->
    </test> <!-- Default test -->
  </suite> <!-- Default suite -->
</testng-results>
