<?xml version="1.0" encoding="UTF-8"?>
<!-- Generated by org.testng.reporters.JUnitXMLReporter -->
<testsuite ignored="0" hostname="LAPTOP-KBFLVL2M" failures="0" tests="8" name="Test1" time="98.782" errors="0" timestamp="2023-10-09T20:04:15 IST">
  <testcase classname="Base.containstext" name="containtext" time="20.171"/>
  <testcase classname="Base.PropertyFileReading" name="Property" time="0.003"/>
  <testcase classname="Base.Frames_tag" name="frames" time="2.543"/>
  <testcase classname="Base.UniqueOptions" name="option" time="5.15"/>
  <testcase classname="Base.arrraylist" name="main" time="11.417"/>
  <testcase classname="Base.screen" name="test" time="34.825"/>
  <testcase classname="Base.before" name="block1" time="0.0"/>
  <testcase classname="Base.duplicatevaluesMtrListrBox" name="Duplicate" time="4.909"/>
</testsuite> <!-- Test1 -->
