<?xml version="1.0" encoding="UTF-8"?>
<!-- Generated by org.testng.reporters.JUnitXMLReporter -->
<testsuite ignored="0" hostname="LAPTOP-KBFLVL2M" failures="0" tests="12" name="Testblock1" time="92.358" errors="0" timestamp="2023-06-23T21:49:52 IST">
  <testcase classname="demo.screenshort" name="screensho" time="8.376"/>
  <testcase classname="Base.containstext" name="containtext" time="13.063"/>
  <testcase classname="demo.list" name="listbox" time="61.417"/>
  <testcase classname="demo.no" name="text" time="0.001"/>
  <testcase classname="demo.no" name="text" time="0.002"/>
  <testcase classname="demo.no" name="text" time="0.001"/>
  <testcase classname="demo.no" name="hi" time="0.001"/>
  <testcase classname="demo.no" name="create" time="0.002"/>
  <testcase classname="Base.arrraylist" name="main" time="7.58"/>
  <testcase classname="demo.arrayof" name="test" time="0.001"/>
  <testcase classname="demo.driver" name="text" time="0.044"/>
  <testcase classname="Base.duplicatevaluesMtrListrBox" name="Duplicate" time="1.805"/>
</testsuite> <!-- Testblock1 -->
