<?xml version="1.0" encoding="UTF-8"?>
<!-- Generated by org.testng.reporters.JUnitXMLReporter -->
<testsuite ignored="0" hostname="LAPTOP-KBFLVL2M" failures="0" tests="8" name="Test" time="135.07" errors="0" timestamp="2023-10-09T20:11:17 IST">
  <testcase classname="Base.containstext" name="containtext" time="19.171"/>
  <testcase classname="Base.PropertyFileReading" name="Property" time="0.009"/>
  <testcase classname="Base.Frames_tag" name="frames" time="3.283"/>
  <testcase classname="Base.UniqueOptions" name="option" time="8.427"/>
  <testcase classname="Base.arrraylist" name="main" time="13.775"/>
  <testcase classname="Base.screen" name="test" time="21.85"/>
  <testcase classname="Base.before" name="block1" time="0.005"/>
  <testcase classname="Base.duplicatevaluesMtrListrBox" name="Duplicate" time="8.095"/>
</testsuite> <!-- Test -->
