<?xml version="1.0" encoding="UTF-8"?>
<!-- Generated by org.testng.reporters.JUnitXMLReporter -->
<testsuite ignored="0" hostname="LAPTOP-KBFLVL2M" failures="1" tests="1" name="Default test(failed)" time="0.129" errors="0" timestamp="2023-04-30T10:43:50 IST">
  <testcase classname="demo.list" name="listbox" time="0.078">
    <failure type="java.lang.IllegalStateException" message="The driver executable does not exist: C:\Users\CHANDRA OBULA REDDY\eclipse-workspace\Selenium\.\driver.chromedriver.exe">
      <![CDATA[java.lang.IllegalStateException: The driver executable does not exist: C:\Users\CHANDRA OBULA REDDY\eclipse-workspace\Selenium\.\driver.chromedriver.exe
at com.google.common.base.Preconditions.checkState(Preconditions.java:585)
at org.openqa.selenium.remote.service.DriverService.checkExecutable(DriverService.java:146)
at org.openqa.selenium.remote.service.DriverService.findExecutable(DriverService.java:141)
at org.openqa.selenium.chrome.ChromeDriverService.access$000(ChromeDriverService.java:35)
at org.openqa.selenium.chrome.ChromeDriverService$Builder.findDefaultExecutable(ChromeDriverService.java:159)
at org.openqa.selenium.remote.service.DriverService$Builder.build(DriverService.java:355)
at org.openqa.selenium.chrome.ChromeDriverService.createDefaultService(ChromeDriverService.java:94)
at org.openqa.selenium.chrome.ChromeDriver.<init>(ChromeDriver.java:123)
at demo.list.listbox(list.java:17)
at java.base/java.util.ArrayList.forEach(ArrayList.java:1511)
... Removed 25 stack frames]]>
    </failure>
  </testcase> <!-- listbox -->
</testsuite> <!-- Default test(failed) -->
